Using pre-set license
Built from '2020.3/china_unity/release' branch; Version is '2020.3.0f1c1 (1e553bf703d9) revision 1987899'; Using compiler version '192528614'; Build Type 'Release'
OS: 'Windows 10 Home; OS build 19041.1052; Version 2004; 64bit' Language: 'zh' Physical Memory: 16335 MB
BatchMode: 1, IsHumanControllingUs: 0, StartBugReporterOnCrash: 0, Is64bit: 1, IsPro: 0

 COMMAND LINE ARGUMENTS:
D:\unity\2020.3.0f1c1\Editor\Unity.exe
-adb2
-batchMode
-noUpm
-name
AssetImportWorker0
-projectPath
E:/UnityProject/TetrisProject
-logFile
Logs/AssetImportWorker0.log
-srvPort
13276
Successfully changed project path to: E:/UnityProject/TetrisProject
E:/UnityProject/TetrisProject
Using Asset Import Pipeline V2.
Refreshing native plugins compatible for Editor in 38.10 ms, found 1 plugins.
Preloading 0 native plugins for Editor in 0.00 ms.
Initialize engine version: 2020.3.0f1c1 (1e553bf703d9)
[Subsystems] Discovering subsystems at path D:/unity/2020.3.0f1c1/Editor/Data/Resources/UnitySubsystems
[Subsystems] Discovering subsystems at path E:/UnityProject/TetrisProject/Assets
GfxDevice: creating device client; threaded=0
Direct3D:
    Version:  Direct3D 11.0 [level 11.1]
    Renderer: NVIDIA GeForce GTX 1070 Ti (ID=0x1b82)
    Vendor:   
    VRAM:     8079 MB
    Driver:   27.21.14.6079
Initialize mono
Mono path[0] = 'D:/unity/2020.3.0f1c1/Editor/Data/Managed'
Mono path[1] = 'D:/unity/2020.3.0f1c1/Editor/Data/MonoBleedingEdge/lib/mono/unityjit'
Mono config path = 'D:/unity/2020.3.0f1c1/Editor/Data/MonoBleedingEdge/etc'
Using monoOptions --debugger-agent=transport=dt_socket,embedding=1,server=y,suspend=n,address=127.0.0.1:56884
Begin MonoManager ReloadAssembly
Registering precompiled unity dll's ...
Register platform support module: D:/unity/2020.3.0f1c1/Editor/Data/PlaybackEngines/WindowsStandaloneSupport/UnityEditor.WindowsStandalone.Extensions.dll
Registered in 0.001181 seconds.
Native extension for WindowsStandalone target not found
Refreshing native plugins compatible for Editor in 36.66 ms, found 1 plugins.
Preloading 0 native plugins for Editor in 0.00 ms.
Invoked RoslynAnalysisRunner static constructor.
RoslynAnalysisRunner will not be running.
RoslynAnalysisRunner has terminated.
Mono: successfully reloaded assembly
- Completed reload, in  1.515 seconds
Platform modules already initialized, skipping
Registering precompiled user dll's ...
Registered in 0.004734 seconds.
Begin MonoManager ReloadAssembly
Native extension for WindowsStandalone target not found
Refreshing native plugins compatible for Editor in 37.20 ms, found 1 plugins.
Preloading 0 native plugins for Editor in 0.00 ms.
Invoked RoslynAnalysisRunner static constructor.
RoslynAnalysisRunner will not be running.
RoslynAnalysisRunner has terminated.
Mono: successfully reloaded assembly
- Completed reload, in  0.919 seconds
Platform modules already initialized, skipping
========================================================================
Worker process is ready to serve import requests
Launched and connected shader compiler UnityShaderCompiler.exe after 0.04 seconds
Refreshing native plugins compatible for Editor in 0.39 ms, found 1 plugins.
Preloading 0 native plugins for Editor in 0.00 ms.
Unloading 1820 Unused Serialized files (Serialized files now loaded: 0)
System memory in use before: 85.1 MB.
System memory in use after: 85.2 MB.

Unloading 28 unused Assets to reduce memory usage. Loaded Objects now: 2272.
Total: 2.200900 ms (FindLiveObjects: 0.256900 ms CreateObjectMapping: 0.044000 ms MarkObjects: 1.822500 ms  DeleteObjects: 0.075600 ms)

========================================================================
Received Import Request.
  path: Assets/Tetris Assets/Prefabs/Block.prefab
  artifactKey: Guid(a588c55a12bac29478cdba7683d6e7f8) Importer(815301076,1909f56bfc062723c751e8b465ee728b)
Start importing Assets/Tetris Assets/Prefabs/Block.prefab using Guid(a588c55a12bac29478cdba7683d6e7f8) Importer(815301076,1909f56bfc062723c751e8b465ee728b)  -> (artifact id: 'a826e401332b67d15c344524118abfbd') in 0.109935 seconds
  Import took 0.113117 seconds .

========================================================================
Received Import Request.
  Time since last request: 185.235257 seconds.
  path: Assets/Tetris Assets/Prefabs/Block.prefab
  artifactKey: Guid(a588c55a12bac29478cdba7683d6e7f8) Importer(815301076,1909f56bfc062723c751e8b465ee728b)
Start importing Assets/Tetris Assets/Prefabs/Block.prefab using Guid(a588c55a12bac29478cdba7683d6e7f8) Importer(815301076,1909f56bfc062723c751e8b465ee728b)  -> (artifact id: '2946e8451f09a343f6a65ac9e66b032c') in 0.016982 seconds
  Import took 0.020199 seconds .

========================================================================
Received Import Request.
  Time since last request: 2.678501 seconds.
  path: Assets/Tetris Assets/Prefabs/Block.prefab
  artifactKey: Guid(a588c55a12bac29478cdba7683d6e7f8) Importer(815301076,1909f56bfc062723c751e8b465ee728b)
Start importing Assets/Tetris Assets/Prefabs/Block.prefab using Guid(a588c55a12bac29478cdba7683d6e7f8) Importer(815301076,1909f56bfc062723c751e8b465ee728b)  -> (artifact id: '8f3e12f81dfb2f66409edbd2b0519c59') in 0.015562 seconds
  Import took 0.018537 seconds .

========================================================================
Received Import Request.
  Time since last request: 1.466023 seconds.
  path: Assets/Tetris Assets/Prefabs/Block.prefab
  artifactKey: Guid(a588c55a12bac29478cdba7683d6e7f8) Importer(815301076,1909f56bfc062723c751e8b465ee728b)
Start importing Assets/Tetris Assets/Prefabs/Block.prefab using Guid(a588c55a12bac29478cdba7683d6e7f8) Importer(815301076,1909f56bfc062723c751e8b465ee728b)  -> (artifact id: 'c3ebda4b9cb25c16edec3f3c79e79481') in 0.017002 seconds
  Import took 0.020098 seconds .

========================================================================
Received Import Request.
  Time since last request: 1.466865 seconds.
  path: Assets/Tetris Assets/Prefabs/Block.prefab
  artifactKey: Guid(a588c55a12bac29478cdba7683d6e7f8) Importer(815301076,1909f56bfc062723c751e8b465ee728b)
Start importing Assets/Tetris Assets/Prefabs/Block.prefab using Guid(a588c55a12bac29478cdba7683d6e7f8) Importer(815301076,1909f56bfc062723c751e8b465ee728b)  -> (artifact id: '206ca197d1e6b674e40413327de414b0') in 0.015668 seconds
  Import took 0.018701 seconds .

========================================================================
Received Import Request.
  Time since last request: 127.957229 seconds.
  path: Assets/Tetris Assets/Prefabs/Block.prefab
  artifactKey: Guid(a588c55a12bac29478cdba7683d6e7f8) Importer(815301076,1909f56bfc062723c751e8b465ee728b)
Start importing Assets/Tetris Assets/Prefabs/Block.prefab using Guid(a588c55a12bac29478cdba7683d6e7f8) Importer(815301076,1909f56bfc062723c751e8b465ee728b)  -> (artifact id: '38bb317982912d3fe1c62554993551e0') in 0.012565 seconds
  Import took 0.015589 seconds .

========================================================================
Received Import Request.
  Time since last request: 2.275533 seconds.
  path: Assets/Tetris Assets/Prefabs/Block.prefab
  artifactKey: Guid(a588c55a12bac29478cdba7683d6e7f8) Importer(815301076,1909f56bfc062723c751e8b465ee728b)
Start importing Assets/Tetris Assets/Prefabs/Block.prefab using Guid(a588c55a12bac29478cdba7683d6e7f8) Importer(815301076,1909f56bfc062723c751e8b465ee728b)  -> (artifact id: '32d5e766e07e929b3a214337c7c5660d') in 0.013035 seconds
  Import took 0.016381 seconds .

========================================================================
Received Import Request.
  Time since last request: 1.069410 seconds.
  path: Assets/Tetris Assets/Prefabs/Block.prefab
  artifactKey: Guid(a588c55a12bac29478cdba7683d6e7f8) Importer(815301076,1909f56bfc062723c751e8b465ee728b)
Start importing Assets/Tetris Assets/Prefabs/Block.prefab using Guid(a588c55a12bac29478cdba7683d6e7f8) Importer(815301076,1909f56bfc062723c751e8b465ee728b)  -> (artifact id: '0f6ad66e9c5bc5e7202b97febe47b7ed') in 0.015187 seconds
  Import took 0.018205 seconds .

========================================================================
Received Import Request.
  Time since last request: 0.868406 seconds.
  path: Assets/Tetris Assets/Prefabs/Block.prefab
  artifactKey: Guid(a588c55a12bac29478cdba7683d6e7f8) Importer(815301076,1909f56bfc062723c751e8b465ee728b)
Start importing Assets/Tetris Assets/Prefabs/Block.prefab using Guid(a588c55a12bac29478cdba7683d6e7f8) Importer(815301076,1909f56bfc062723c751e8b465ee728b)  -> (artifact id: '12ba4da3d4b0d6e38fdf5f6b8062e229') in 0.014892 seconds
  Import took 0.017882 seconds .

========================================================================
Received Import Request.
  Time since last request: 10.713231 seconds.
  path: Assets/Tetris Assets/Prefabs/Block.prefab
  artifactKey: Guid(a588c55a12bac29478cdba7683d6e7f8) Importer(815301076,1909f56bfc062723c751e8b465ee728b)
Start importing Assets/Tetris Assets/Prefabs/Block.prefab using Guid(a588c55a12bac29478cdba7683d6e7f8) Importer(815301076,1909f56bfc062723c751e8b465ee728b)  -> (artifact id: '88c8a2f5b502e304be1b7ddf7477b9d2') in 0.015413 seconds
  Import took 0.018644 seconds .

========================================================================
Received Import Request.
  Time since last request: 59.141673 seconds.
  path: Assets/Tetris Assets/Prefabs
  artifactKey: Guid(6b16b4885c7a8e04e80a2d88cb75784b) Importer(815301076,1909f56bfc062723c751e8b465ee728b)
Start importing Assets/Tetris Assets/Prefabs using Guid(6b16b4885c7a8e04e80a2d88cb75784b) Importer(815301076,1909f56bfc062723c751e8b465ee728b)  -> (artifact id: 'f552674dc9d3c59f44ecadd369946d2f') in 0.007851 seconds
  Import took 0.010913 seconds .

========================================================================
Received Import Request.
  Time since last request: 7.264431 seconds.
  path: Assets/Tetris Assets/Prefabs/Shapes
  artifactKey: Guid(33043c70a99fac64b89103c9997c1a3e) Importer(815301076,1909f56bfc062723c751e8b465ee728b)
Start importing Assets/Tetris Assets/Prefabs/Shapes using Guid(33043c70a99fac64b89103c9997c1a3e) Importer(815301076,1909f56bfc062723c751e8b465ee728b)  -> (artifact id: '28ab2f3f0b55abfbc2ea560f32e4af07') in 0.007125 seconds
  Import took 0.010045 seconds .

========================================================================
Received Import Request.
  Time since last request: 119.630663 seconds.
  path: ProjectSettings/TagManager.asset
  artifactKey: Guid(00000000000000003000000000000000) Importer(815301076,1909f56bfc062723c751e8b465ee728b)
Start importing ProjectSettings/TagManager.asset using Guid(00000000000000003000000000000000) Importer(815301076,1909f56bfc062723c751e8b465ee728b)  -> (artifact id: '84c3c85f68a4a8b83444492dec150fc6') in 0.004477 seconds
  Import took 0.007567 seconds .

========================================================================
Received Import Request.
  Time since last request: 0.000664 seconds.
  path: ProjectSettings/TagManager.asset
  artifactKey: Guid(00000000000000003000000000000000) Importer(815301076,1909f56bfc062723c751e8b465ee728b)
Start importing ProjectSettings/TagManager.asset using Guid(00000000000000003000000000000000) Importer(815301076,1909f56bfc062723c751e8b465ee728b)  -> (artifact id: '84c3c85f68a4a8b83444492dec150fc6') in 0.003384 seconds
  Import took 0.006580 seconds .

========================================================================
Received Import Request.
  Time since last request: 9.174916 seconds.
  path: Assets/Tetris Assets/Prefabs/Block.prefab
  artifactKey: Guid(a588c55a12bac29478cdba7683d6e7f8) Importer(815301076,1909f56bfc062723c751e8b465ee728b)
Start importing Assets/Tetris Assets/Prefabs/Block.prefab using Guid(a588c55a12bac29478cdba7683d6e7f8) Importer(815301076,1909f56bfc062723c751e8b465ee728b)  -> (artifact id: '836af3bc529a0bdf1ba562fa92cbe9e7') in 0.009799 seconds
  Import took 0.013071 seconds .

========================================================================
Received Import Request.
  Time since last request: 0.001548 seconds.
  path: Assets/Tetris Assets/Prefabs/Block.prefab
  artifactKey: Guid(a588c55a12bac29478cdba7683d6e7f8) Importer(815301076,1909f56bfc062723c751e8b465ee728b)
Start importing Assets/Tetris Assets/Prefabs/Block.prefab using Guid(a588c55a12bac29478cdba7683d6e7f8) Importer(815301076,1909f56bfc062723c751e8b465ee728b)  -> (artifact id: '836af3bc529a0bdf1ba562fa92cbe9e7') in 0.011546 seconds
  Import took 0.014571 seconds .

========================================================================
Received Import Request.
  Time since last request: 133.389373 seconds.
  path: Assets/Tetris Assets/Prefabs/Shapes/Shape_1.prefab
  artifactKey: Guid(bf3bc39ae3e98e740914b18c8caffa10) Importer(815301076,1909f56bfc062723c751e8b465ee728b)
Start importing Assets/Tetris Assets/Prefabs/Shapes/Shape_1.prefab using Guid(bf3bc39ae3e98e740914b18c8caffa10) Importer(815301076,1909f56bfc062723c751e8b465ee728b)  -> (artifact id: '69d81073b1d0851e8fba39a35fdc6360') in 0.014080 seconds
  Import took 0.017218 seconds .

========================================================================
Received Import Request.
  Time since last request: 0.001415 seconds.
  path: Assets/Tetris Assets/Prefabs/Shapes/Shape_1.prefab
  artifactKey: Guid(bf3bc39ae3e98e740914b18c8caffa10) Importer(815301076,1909f56bfc062723c751e8b465ee728b)
Start importing Assets/Tetris Assets/Prefabs/Shapes/Shape_1.prefab using Guid(bf3bc39ae3e98e740914b18c8caffa10) Importer(815301076,1909f56bfc062723c751e8b465ee728b)  -> (artifact id: '69d81073b1d0851e8fba39a35fdc6360') in 0.009023 seconds
  Import took 0.012065 seconds .

========================================================================
Received Import Request.
  Time since last request: 163.135455 seconds.
  path: Assets/Tetris Assets/Prefabs/Shapes/Shape_2 Variant.prefab
  artifactKey: Guid(ecfddaa8b123b984aa3183737cde1ca8) Importer(815301076,1909f56bfc062723c751e8b465ee728b)
Start importing Assets/Tetris Assets/Prefabs/Shapes/Shape_2 Variant.prefab using Guid(ecfddaa8b123b984aa3183737cde1ca8) Importer(815301076,1909f56bfc062723c751e8b465ee728b)  -> (artifact id: '1328f69e1f9ec4d6d04581e85b8f0b51') in 0.014130 seconds
  Import took 0.018045 seconds .

========================================================================
Received Import Request.
  Time since last request: 0.002975 seconds.
  path: Assets/Tetris Assets/Prefabs/Shapes/Shape_2 Variant.prefab
  artifactKey: Guid(ecfddaa8b123b984aa3183737cde1ca8) Importer(815301076,1909f56bfc062723c751e8b465ee728b)
Start importing Assets/Tetris Assets/Prefabs/Shapes/Shape_2 Variant.prefab using Guid(ecfddaa8b123b984aa3183737cde1ca8) Importer(815301076,1909f56bfc062723c751e8b465ee728b)  -> (artifact id: '1328f69e1f9ec4d6d04581e85b8f0b51') in 0.011979 seconds
  Import took 0.015265 seconds .

========================================================================
Received Import Request.
  Time since last request: 45.666345 seconds.
  path: Assets/Tetris Assets/Prefabs/Shapes/Shape_2.prefab
  artifactKey: Guid(55ef7c2fc66b5e04aba87cf79ff297f3) Importer(815301076,1909f56bfc062723c751e8b465ee728b)
Start importing Assets/Tetris Assets/Prefabs/Shapes/Shape_2.prefab using Guid(55ef7c2fc66b5e04aba87cf79ff297f3) Importer(815301076,1909f56bfc062723c751e8b465ee728b)  -> (artifact id: '4401d8c174eac7f6d3d421066f359107') in 0.014236 seconds
  Import took 0.017617 seconds .

========================================================================
Received Import Request.
  Time since last request: 0.001638 seconds.
  path: Assets/Tetris Assets/Prefabs/Shapes/Shape_2.prefab
  artifactKey: Guid(55ef7c2fc66b5e04aba87cf79ff297f3) Importer(815301076,1909f56bfc062723c751e8b465ee728b)
Start importing Assets/Tetris Assets/Prefabs/Shapes/Shape_2.prefab using Guid(55ef7c2fc66b5e04aba87cf79ff297f3) Importer(815301076,1909f56bfc062723c751e8b465ee728b)  -> (artifact id: '4401d8c174eac7f6d3d421066f359107') in 0.008625 seconds
  Import took 0.012127 seconds .

========================================================================
Received Import Request.
  Time since last request: 52.176668 seconds.
  path: Assets/Tetris Assets/Prefabs/Shapes/Shape_2.prefab
  artifactKey: Guid(55ef7c2fc66b5e04aba87cf79ff297f3) Importer(815301076,1909f56bfc062723c751e8b465ee728b)
Start importing Assets/Tetris Assets/Prefabs/Shapes/Shape_2.prefab using Guid(55ef7c2fc66b5e04aba87cf79ff297f3) Importer(815301076,1909f56bfc062723c751e8b465ee728b)  -> (artifact id: '1bcc7b7619009c960fd101e47ee78c75') in 0.016171 seconds
  Import took 0.019262 seconds .

========================================================================
Received Import Request.
  Time since last request: 88.100523 seconds.
  path: Assets/Tetris Assets/Prefabs/Shapes/Shape_3.prefab
  artifactKey: Guid(0c350c9166ad21b4e81ba1e001d107b3) Importer(815301076,1909f56bfc062723c751e8b465ee728b)
Start importing Assets/Tetris Assets/Prefabs/Shapes/Shape_3.prefab using Guid(0c350c9166ad21b4e81ba1e001d107b3) Importer(815301076,1909f56bfc062723c751e8b465ee728b)  -> (artifact id: '640cd04c790331612dccdd30a9467d67') in 0.014623 seconds
  Import took 0.017708 seconds .

========================================================================
Received Import Request.
  Time since last request: 35.953483 seconds.
  path: Assets/Tetris Assets/Prefabs/Shapes/Shape_4.prefab
  artifactKey: Guid(bd246a164632ccc408be74b35576fdf2) Importer(815301076,1909f56bfc062723c751e8b465ee728b)
Start importing Assets/Tetris Assets/Prefabs/Shapes/Shape_4.prefab using Guid(bd246a164632ccc408be74b35576fdf2) Importer(815301076,1909f56bfc062723c751e8b465ee728b)  -> (artifact id: '1eb3620ed2d17de2266049b80870da80') in 0.014267 seconds
  Import took 0.017343 seconds .

========================================================================
Received Import Request.
  Time since last request: 0.002914 seconds.
  path: Assets/Tetris Assets/Prefabs/Shapes/Shape_4.prefab
  artifactKey: Guid(bd246a164632ccc408be74b35576fdf2) Importer(815301076,1909f56bfc062723c751e8b465ee728b)
Start importing Assets/Tetris Assets/Prefabs/Shapes/Shape_4.prefab using Guid(bd246a164632ccc408be74b35576fdf2) Importer(815301076,1909f56bfc062723c751e8b465ee728b)  -> (artifact id: '1eb3620ed2d17de2266049b80870da80') in 0.015420 seconds
  Import took 0.018570 seconds .

========================================================================
Received Import Request.
  Time since last request: 19.348483 seconds.
  path: Assets/Tetris Assets/Prefabs/Shapes/Shape_5.prefab
  artifactKey: Guid(0c9e4f4e7340d384e8ad25c284ee6376) Importer(815301076,1909f56bfc062723c751e8b465ee728b)
Start importing Assets/Tetris Assets/Prefabs/Shapes/Shape_5.prefab using Guid(0c9e4f4e7340d384e8ad25c284ee6376) Importer(815301076,1909f56bfc062723c751e8b465ee728b)  -> (artifact id: '20d3835da5b5e4462d940caf94868b6c') in 0.015040 seconds
  Import took 0.018321 seconds .

========================================================================
Received Import Request.
  Time since last request: 37.188625 seconds.
  path: Assets/Tetris Assets/Prefabs/Shapes/Shape_6.prefab
  artifactKey: Guid(28ffd3add85161543a985740f63de020) Importer(815301076,1909f56bfc062723c751e8b465ee728b)
Start importing Assets/Tetris Assets/Prefabs/Shapes/Shape_6.prefab using Guid(28ffd3add85161543a985740f63de020) Importer(815301076,1909f56bfc062723c751e8b465ee728b)  -> (artifact id: '6c22a86c161604406585ce8ce14590b5') in 0.014404 seconds
  Import took 0.017549 seconds .

========================================================================
Received Import Request.
  Time since last request: 0.001143 seconds.
  path: Assets/Tetris Assets/Prefabs/Shapes/Shape_6.prefab
  artifactKey: Guid(28ffd3add85161543a985740f63de020) Importer(815301076,1909f56bfc062723c751e8b465ee728b)
Start importing Assets/Tetris Assets/Prefabs/Shapes/Shape_6.prefab using Guid(28ffd3add85161543a985740f63de020) Importer(815301076,1909f56bfc062723c751e8b465ee728b)  -> (artifact id: '6c22a86c161604406585ce8ce14590b5') in 0.008757 seconds
  Import took 0.011983 seconds .

========================================================================
Received Import Request.
  Time since last request: 38.951154 seconds.
  path: Assets/Tetris Assets/Prefabs/Shapes/Shape_7.prefab
  artifactKey: Guid(b228f803166b7474592b5055ff6eada6) Importer(815301076,1909f56bfc062723c751e8b465ee728b)
Start importing Assets/Tetris Assets/Prefabs/Shapes/Shape_7.prefab using Guid(b228f803166b7474592b5055ff6eada6) Importer(815301076,1909f56bfc062723c751e8b465ee728b)  -> (artifact id: '0c980346e1b07ce1ca84578500e81216') in 0.014845 seconds
  Import took 0.017979 seconds .

========================================================================
Received Import Request.
  Time since last request: 0.001479 seconds.
  path: Assets/Tetris Assets/Prefabs/Shapes/Shape_7.prefab
  artifactKey: Guid(b228f803166b7474592b5055ff6eada6) Importer(815301076,1909f56bfc062723c751e8b465ee728b)
Start importing Assets/Tetris Assets/Prefabs/Shapes/Shape_7.prefab using Guid(b228f803166b7474592b5055ff6eada6) Importer(815301076,1909f56bfc062723c751e8b465ee728b)  -> (artifact id: '0c980346e1b07ce1ca84578500e81216') in 0.008450 seconds
  Import took 0.011606 seconds .

========================================================================
Received Import Request.
  Time since last request: 222.846115 seconds.
  path: Assets/Scripts/FSM
  artifactKey: Guid(aab69aed755d4f4428faff8e9976930f) Importer(815301076,1909f56bfc062723c751e8b465ee728b)
Start importing Assets/Scripts/FSM using Guid(aab69aed755d4f4428faff8e9976930f) Importer(815301076,1909f56bfc062723c751e8b465ee728b)  -> (artifact id: '141671680a34be8f920d259513771ce6') in 0.007036 seconds
  Import took 0.010036 seconds .

========================================================================
Received Prepare
Registering precompiled user dll's ...
Registered in 0.004794 seconds.
Begin MonoManager ReloadAssembly
Native extension for WindowsStandalone target not found
Refreshing native plugins compatible for Editor in 0.44 ms, found 1 plugins.
Preloading 0 native plugins for Editor in 0.00 ms.
Invoked RoslynAnalysisRunner static constructor.
RoslynAnalysisRunner will not be running.
RoslynAnalysisRunner has terminated.
Mono: successfully reloaded assembly
- Completed reload, in  0.848 seconds
Platform modules already initialized, skipping
Refreshing native plugins compatible for Editor in 0.42 ms, found 1 plugins.
Preloading 0 native plugins for Editor in 0.00 ms.
Unloading 1811 Unused Serialized files (Serialized files now loaded: 0)
System memory in use before: 87.9 MB.
System memory in use after: 88.0 MB.

Unloading 18 unused Assets to reduce memory usage. Loaded Objects now: 2284.
Total: 1.980600 ms (FindLiveObjects: 0.218200 ms CreateObjectMapping: 0.042400 ms MarkObjects: 1.697100 ms  DeleteObjects: 0.021600 ms)

========================================================================
Received Import Request.
  Time since last request: 17.892847 seconds.
  path: Assets/Scripts/FSM/FSMSystem.cs
  artifactKey: Guid(2a44060bb49ca4f41bd8944021487e06) Importer(815301076,1909f56bfc062723c751e8b465ee728b)
Start importing Assets/Scripts/FSM/FSMSystem.cs using Guid(2a44060bb49ca4f41bd8944021487e06) Importer(815301076,1909f56bfc062723c751e8b465ee728b)  -> (artifact id: '57242037455a29f6cef53b866fb326d6') in 0.014597 seconds
  Import took 0.017645 seconds .

========================================================================
Received Prepare
Registering precompiled user dll's ...
Registered in 0.005111 seconds.
Begin MonoManager ReloadAssembly
Native extension for WindowsStandalone target not found
Refreshing native plugins compatible for Editor in 0.42 ms, found 1 plugins.
Preloading 0 native plugins for Editor in 0.00 ms.
Invoked RoslynAnalysisRunner static constructor.
RoslynAnalysisRunner will not be running.
RoslynAnalysisRunner has terminated.
Mono: successfully reloaded assembly
- Completed reload, in  0.829 seconds
Platform modules already initialized, skipping
Refreshing native plugins compatible for Editor in 0.42 ms, found 1 plugins.
Preloading 0 native plugins for Editor in 0.00 ms.
Unloading 1811 Unused Serialized files (Serialized files now loaded: 0)
System memory in use before: 88.0 MB.
System memory in use after: 88.1 MB.

Unloading 16 unused Assets to reduce memory usage. Loaded Objects now: 2288.
Total: 1.883300 ms (FindLiveObjects: 0.228700 ms CreateObjectMapping: 0.043200 ms MarkObjects: 1.594200 ms  DeleteObjects: 0.016400 ms)

========================================================================
Received Import Request.
  Time since last request: 125.697728 seconds.
  path: Assets/Scripts/FSM/FSMSystem.cs
  artifactKey: Guid(2a44060bb49ca4f41bd8944021487e06) Importer(815301076,1909f56bfc062723c751e8b465ee728b)
Start importing Assets/Scripts/FSM/FSMSystem.cs using Guid(2a44060bb49ca4f41bd8944021487e06) Importer(815301076,1909f56bfc062723c751e8b465ee728b)  -> (artifact id: '417a399347bc88e5dba916f7052faa93') in 0.006736 seconds
  Import took 0.009658 seconds .

========================================================================
Received Import Request.
  Time since last request: 103.333982 seconds.
  path: Assets/Scripts/FSM/MenuState.cs
  artifactKey: Guid(11472d29bfae6294e87e10c459a36d53) Importer(815301076,1909f56bfc062723c751e8b465ee728b)
Start importing Assets/Scripts/FSM/MenuState.cs using Guid(11472d29bfae6294e87e10c459a36d53) Importer(815301076,1909f56bfc062723c751e8b465ee728b)  -> (artifact id: 'b59e9a9ca974dd8aeb3f7036a706cb44') in 0.008947 seconds
  Import took 0.012676 seconds .

========================================================================
Received Prepare
Registering precompiled user dll's ...
Registered in 0.004627 seconds.
Begin MonoManager ReloadAssembly
Native extension for WindowsStandalone target not found
Refreshing native plugins compatible for Editor in 0.43 ms, found 1 plugins.
Preloading 0 native plugins for Editor in 0.00 ms.
Invoked RoslynAnalysisRunner static constructor.
RoslynAnalysisRunner will not be running.
RoslynAnalysisRunner has terminated.
Mono: successfully reloaded assembly
- Completed reload, in  0.828 seconds
Platform modules already initialized, skipping
Refreshing native plugins compatible for Editor in 0.41 ms, found 1 plugins.
Preloading 0 native plugins for Editor in 0.00 ms.
Unloading 1812 Unused Serialized files (Serialized files now loaded: 0)
System memory in use before: 88.0 MB.
System memory in use after: 88.1 MB.

Unloading 16 unused Assets to reduce memory usage. Loaded Objects now: 2293.
Total: 1.875100 ms (FindLiveObjects: 0.235900 ms CreateObjectMapping: 0.040800 ms MarkObjects: 1.579800 ms  DeleteObjects: 0.017600 ms)

========================================================================
Received Prepare
Registering precompiled user dll's ...
Registered in 0.004690 seconds.
Begin MonoManager ReloadAssembly
Native extension for WindowsStandalone target not found
Refreshing native plugins compatible for Editor in 0.42 ms, found 1 plugins.
Preloading 0 native plugins for Editor in 0.00 ms.
Invoked RoslynAnalysisRunner static constructor.
RoslynAnalysisRunner will not be running.
RoslynAnalysisRunner has terminated.
Mono: successfully reloaded assembly
- Completed reload, in  0.833 seconds
Platform modules already initialized, skipping
Refreshing native plugins compatible for Editor in 0.49 ms, found 1 plugins.
Preloading 0 native plugins for Editor in 0.00 ms.
Unloading 1813 Unused Serialized files (Serialized files now loaded: 0)
System memory in use before: 88.1 MB.
System memory in use after: 88.2 MB.

Unloading 16 unused Assets to reduce memory usage. Loaded Objects now: 2298.
Total: 2.306900 ms (FindLiveObjects: 0.287000 ms CreateObjectMapping: 0.045200 ms MarkObjects: 1.950700 ms  DeleteObjects: 0.022500 ms)

========================================================================
Received Import Request.
  Time since last request: 14.326334 seconds.
  path: Assets/Scripts/FSM/PlayState.cs
  artifactKey: Guid(304f6c4d70abbf1418c4b25a6b74bccf) Importer(815301076,1909f56bfc062723c751e8b465ee728b)
Start importing Assets/Scripts/FSM/PlayState.cs using Guid(304f6c4d70abbf1418c4b25a6b74bccf) Importer(815301076,1909f56bfc062723c751e8b465ee728b)  -> (artifact id: '19834a96bbe3e78af44d7174f4e75a41') in 0.009886 seconds
  Import took 0.013193 seconds .

========================================================================
Received Prepare
Registering precompiled user dll's ...
Registered in 0.004734 seconds.
Begin MonoManager ReloadAssembly
Native extension for WindowsStandalone target not found
Refreshing native plugins compatible for Editor in 0.42 ms, found 1 plugins.
Preloading 0 native plugins for Editor in 0.00 ms.
Invoked RoslynAnalysisRunner static constructor.
RoslynAnalysisRunner will not be running.
RoslynAnalysisRunner has terminated.
Mono: successfully reloaded assembly
- Completed reload, in  0.861 seconds
Platform modules already initialized, skipping
Refreshing native plugins compatible for Editor in 0.41 ms, found 1 plugins.
Preloading 0 native plugins for Editor in 0.00 ms.
Unloading 1814 Unused Serialized files (Serialized files now loaded: 0)
System memory in use before: 88.1 MB.
System memory in use after: 88.2 MB.

Unloading 16 unused Assets to reduce memory usage. Loaded Objects now: 2303.
Total: 2.030200 ms (FindLiveObjects: 0.239000 ms CreateObjectMapping: 0.043100 ms MarkObjects: 1.728200 ms  DeleteObjects: 0.018900 ms)

========================================================================
Received Import Request.
  Time since last request: 12.667374 seconds.
  path: Assets/Scripts/FSM/PauseState.cs
  artifactKey: Guid(25ae7b53e2149774595b1b1c8da49864) Importer(815301076,1909f56bfc062723c751e8b465ee728b)
Start importing Assets/Scripts/FSM/PauseState.cs using Guid(25ae7b53e2149774595b1b1c8da49864) Importer(815301076,1909f56bfc062723c751e8b465ee728b)  -> (artifact id: '23a8eb22ad30b5361a68b684c9a5f5ad') in 0.009078 seconds
  Import took 0.011993 seconds .

========================================================================
Received Import Request.
  Time since last request: 19.262132 seconds.
  path: Assets/Scripts/FSM/GameOverState.cs
  artifactKey: Guid(29d5a38ab1b4c4348b382fa6984017cf) Importer(815301076,1909f56bfc062723c751e8b465ee728b)
Start importing Assets/Scripts/FSM/GameOverState.cs using Guid(29d5a38ab1b4c4348b382fa6984017cf) Importer(815301076,1909f56bfc062723c751e8b465ee728b)  -> (artifact id: '3e44254c99496e38bce6c961dea3970e') in 0.008509 seconds
  Import took 0.011932 seconds .

========================================================================
Received Prepare
Registering precompiled user dll's ...
Registered in 0.005718 seconds.
Begin MonoManager ReloadAssembly
Native extension for WindowsStandalone target not found
Refreshing native plugins compatible for Editor in 0.44 ms, found 1 plugins.
Preloading 0 native plugins for Editor in 0.00 ms.
Invoked RoslynAnalysisRunner static constructor.
RoslynAnalysisRunner will not be running.
RoslynAnalysisRunner has terminated.
Mono: successfully reloaded assembly
- Completed reload, in  0.828 seconds
Platform modules already initialized, skipping
Refreshing native plugins compatible for Editor in 0.44 ms, found 1 plugins.
Preloading 0 native plugins for Editor in 0.00 ms.
Unloading 1815 Unused Serialized files (Serialized files now loaded: 0)
System memory in use before: 88.1 MB.
System memory in use after: 88.2 MB.

Unloading 16 unused Assets to reduce memory usage. Loaded Objects now: 2308.
Total: 2.055000 ms (FindLiveObjects: 0.292200 ms CreateObjectMapping: 0.054900 ms MarkObjects: 1.686000 ms  DeleteObjects: 0.020400 ms)

========================================================================
Received Prepare
Registering precompiled user dll's ...
Registered in 0.004827 seconds.
Begin MonoManager ReloadAssembly
Native extension for WindowsStandalone target not found
Refreshing native plugins compatible for Editor in 0.42 ms, found 1 plugins.
Preloading 0 native plugins for Editor in 0.00 ms.
Invoked RoslynAnalysisRunner static constructor.
RoslynAnalysisRunner will not be running.
RoslynAnalysisRunner has terminated.
Mono: successfully reloaded assembly
- Completed reload, in  0.817 seconds
Platform modules already initialized, skipping
Refreshing native plugins compatible for Editor in 0.41 ms, found 1 plugins.
Preloading 0 native plugins for Editor in 0.00 ms.
Unloading 1815 Unused Serialized files (Serialized files now loaded: 0)
System memory in use before: 88.1 MB.
System memory in use after: 88.2 MB.

Unloading 16 unused Assets to reduce memory usage. Loaded Objects now: 2312.
Total: 1.877000 ms (FindLiveObjects: 0.213000 ms CreateObjectMapping: 0.041000 ms MarkObjects: 1.603500 ms  DeleteObjects: 0.018200 ms)

========================================================================
Received Import Request.
  Time since last request: 165.633185 seconds.
  path: Assets/Scripts/FSM/GameOverState.cs
  artifactKey: Guid(29d5a38ab1b4c4348b382fa6984017cf) Importer(815301076,1909f56bfc062723c751e8b465ee728b)
Start importing Assets/Scripts/FSM/GameOverState.cs using Guid(29d5a38ab1b4c4348b382fa6984017cf) Importer(815301076,1909f56bfc062723c751e8b465ee728b)  -> (artifact id: '818ef5b7f984e725eb861cbcd4e346fd') in 0.004799 seconds
  Import took 0.007592 seconds .

========================================================================
Received Prepare
Registering precompiled user dll's ...
Registered in 0.004692 seconds.
Begin MonoManager ReloadAssembly
Native extension for WindowsStandalone target not found
Refreshing native plugins compatible for Editor in 0.48 ms, found 1 plugins.
Preloading 0 native plugins for Editor in 0.00 ms.
Invoked RoslynAnalysisRunner static constructor.
RoslynAnalysisRunner will not be running.
RoslynAnalysisRunner has terminated.
Mono: successfully reloaded assembly
- Completed reload, in  0.817 seconds
Platform modules already initialized, skipping
Refreshing native plugins compatible for Editor in 0.45 ms, found 1 plugins.
Preloading 0 native plugins for Editor in 0.00 ms.
Unloading 1815 Unused Serialized files (Serialized files now loaded: 0)
System memory in use before: 88.1 MB.
System memory in use after: 88.3 MB.

Unloading 16 unused Assets to reduce memory usage. Loaded Objects now: 2316.
Total: 2.180900 ms (FindLiveObjects: 0.204500 ms CreateObjectMapping: 0.042400 ms MarkObjects: 1.915000 ms  DeleteObjects: 0.017800 ms)

AssetImportWorkerClient::OnTransportError - code=2 error=End of file
